<test-run id="2" testcasecount="2" result="Passed" start-time="2022-10-06 20:48:28.060291" end-time="2022-10-06 20:48:28.393753" duration="0" total="2" passed="2" failed="0" inconclusive="0" skipped="0" asserts="0" clr-version="3.8.0 (tags/v3.8.0:fa919fd, Oct 14 2019, 19:37:50) [MSC v.1916 64 bit (AMD64)]" engine-version="3.6.2"><command-line>C:\Program Files (x86)\Python\Scripts\pytest -vv -m smoke</command-line><filter><namespace re="0">smoke</namespace></filter><test-suite id="test/test_flow.py" name="test/test_flow.py" fullname="test/test_flow.py" methodname="" classname="" runstate="Runnable" type="Assembly" testcasecount="1" result="Passed" label="" start-time="2022-10-06 20:48:28.075916" end-time="2022-10-06 20:48:28.323401" duration="0.247485" asserts="0" total="1" passed="1" failed="0" warnings="0" inconclusive="0" skipped="0"><properties><property name="python_version" value="3.8.0 (tags/v3.8.0:fa919fd, Oct 14 2019, 19:37:50) [MSC v.1916 64 bit (AMD64)]" /></properties><test-case id="100" name="test/test_flow.py::test_get_method" fullname="test/test_flow.py::test_get_method" methodname="test_get_method" classname="test/test_flow.py" runstate="Runnable" seed="1" result="Passed" label="" start-time="2022-10-06 20:48:28.075916" end-time="2022-10-06 20:48:28.323401" duration="0.247485" asserts="0"><properties><property name="python-version" value="3.8.0 (tags/v3.8.0:fa919fd, Oct 14 2019, 19:37:50) [MSC v.1916 64 bit (AMD64)]" /><property name="fspath" value="test/test_flow.py" /></properties><environment framework-version="3.6.2" clr-version="3.8.0 (tags/v3.8.0:fa919fd, Oct 14 2019, 19:37:50) [MSC v.1916 64 bit (AMD64)]" os-version="10" platform="Windows" cwd="C:\pythonProject1" machine-name="AMD64" user="" user-domain="" culture="en_US" uiculture="en_US" os-architecture="64bit" /><failure><message><![CDATA[]]></message><stack-trace><![CDATA[None]]></stack-trace></failure><reason><message><![CDATA[]]></message></reason><output><![CDATA[]]></output></test-case><environment framework-version="3.6.2" clr-version="3.8.0 (tags/v3.8.0:fa919fd, Oct 14 2019, 19:37:50) [MSC v.1916 64 bit (AMD64)]" os-version="10" platform="Windows" cwd="C:\pythonProject1" machine-name="AMD64" user="" user-domain="" culture="en_US" uiculture="en_US" os-architecture="64bit" /></test-suite><test-suite id="test/test_main.py" name="test/test_main.py" fullname="test/test_main.py" methodname="" classname="" runstate="Runnable" type="Assembly" testcasecount="1" result="Passed" label="" start-time="2022-10-06 20:48:28.323401" end-time="2022-10-06 20:48:28.393753" duration="0.070352" asserts="0" total="1" passed="1" failed="0" warnings="0" inconclusive="0" skipped="0"><properties><property name="python_version" value="3.8.0 (tags/v3.8.0:fa919fd, Oct 14 2019, 19:37:50) [MSC v.1916 64 bit (AMD64)]" /></properties><test-case id="101" name="test/test_main.py::test_get_method" fullname="test/test_main.py::test_get_method" methodname="test_get_method" classname="test/test_main.py" runstate="Runnable" seed="1" result="Passed" label="" start-time="2022-10-06 20:48:28.323401" end-time="2022-10-06 20:48:28.393753" duration="0.070352" asserts="0"><properties><property name="python-version" value="3.8.0 (tags/v3.8.0:fa919fd, Oct 14 2019, 19:37:50) [MSC v.1916 64 bit (AMD64)]" /><property name="fspath" value="test/test_main.py" /></properties><environment framework-version="3.6.2" clr-version="3.8.0 (tags/v3.8.0:fa919fd, Oct 14 2019, 19:37:50) [MSC v.1916 64 bit (AMD64)]" os-version="10" platform="Windows" cwd="C:\pythonProject1" machine-name="AMD64" user="" user-domain="" culture="en_US" uiculture="en_US" os-architecture="64bit" /><failure><message><![CDATA[]]></message><stack-trace><![CDATA[None]]></stack-trace></failure><reason><message><![CDATA[]]></message></reason><output><![CDATA[]]></output></test-case><environment framework-version="3.6.2" clr-version="3.8.0 (tags/v3.8.0:fa919fd, Oct 14 2019, 19:37:50) [MSC v.1916 64 bit (AMD64)]" os-version="10" platform="Windows" cwd="C:\pythonProject1" machine-name="AMD64" user="" user-domain="" culture="en_US" uiculture="en_US" os-architecture="64bit" /></test-suite></test-run>